[09-May-2017 04:24:45 UTC] PHP Warning:  include(../inc/dbConnection.php): failed to open stream: No such file or directory in /home/ubuntu/workspace/final_projects/api/userVideoGameInfo.php on line 3
[09-May-2017 04:24:45 UTC] PHP Stack trace:
[09-May-2017 04:24:45 UTC] PHP   1. {main}() /home/ubuntu/workspace/final_projects/api/userVideoGameInfo.php:0
[09-May-2017 04:24:45 UTC] PHP Warning:  include(): Failed opening '../inc/dbConnection.php' for inclusion (include_path='.:/usr/share/php:/usr/share/pear') in /home/ubuntu/workspace/final_projects/api/userVideoGameInfo.php on line 3
[09-May-2017 04:24:45 UTC] PHP Stack trace:
[09-May-2017 04:24:45 UTC] PHP   1. {main}() /home/ubuntu/workspace/final_projects/api/userVideoGameInfo.php:0
[09-May-2017 04:24:45 UTC] PHP Fatal error:  Call to undefined function getDBConnection() in /home/ubuntu/workspace/final_projects/api/userVideoGameInfo.php on line 4
[09-May-2017 04:24:45 UTC] PHP Stack trace:
[09-May-2017 04:24:45 UTC] PHP   1. {main}() /home/ubuntu/workspace/final_projects/api/userVideoGameInfo.php:0
[09-May-2017 04:25:08 UTC] PHP Warning:  include(../inc/dbConnection.php): failed to open stream: No such file or directory in /home/ubuntu/workspace/final_projects/api/userVideoGameInfo.php on line 3
[09-May-2017 04:25:08 UTC] PHP Stack trace:
[09-May-2017 04:25:08 UTC] PHP   1. {main}() /home/ubuntu/workspace/final_projects/api/userVideoGameInfo.php:0
[09-May-2017 04:25:08 UTC] PHP Warning:  include(): Failed opening '../inc/dbConnection.php' for inclusion (include_path='.:/usr/share/php:/usr/share/pear') in /home/ubuntu/workspace/final_projects/api/userVideoGameInfo.php on line 3
[09-May-2017 04:25:08 UTC] PHP Stack trace:
[09-May-2017 04:25:08 UTC] PHP   1. {main}() /home/ubuntu/workspace/final_projects/api/userVideoGameInfo.php:0
[09-May-2017 04:25:08 UTC] PHP Fatal error:  Call to undefined function getDBConnection() in /home/ubuntu/workspace/final_projects/api/userVideoGameInfo.php on line 4
[09-May-2017 04:25:08 UTC] PHP Stack trace:
[09-May-2017 04:25:08 UTC] PHP   1. {main}() /home/ubuntu/workspace/final_projects/api/userVideoGameInfo.php:0
[09-May-2017 04:25:55 UTC] PHP Warning:  include(../inc/dbConnection.php): failed to open stream: No such file or directory in /home/ubuntu/workspace/final_projects/api/userVideoGameInfo.php on line 3
[09-May-2017 04:25:55 UTC] PHP Stack trace:
[09-May-2017 04:25:55 UTC] PHP   1. {main}() /home/ubuntu/workspace/final_projects/api/userVideoGameInfo.php:0
[09-May-2017 04:25:55 UTC] PHP Warning:  include(): Failed opening '../inc/dbConnection.php' for inclusion (include_path='.:/usr/share/php:/usr/share/pear') in /home/ubuntu/workspace/final_projects/api/userVideoGameInfo.php on line 3
[09-May-2017 04:25:55 UTC] PHP Stack trace:
[09-May-2017 04:25:55 UTC] PHP   1. {main}() /home/ubuntu/workspace/final_projects/api/userVideoGameInfo.php:0
[09-May-2017 04:25:55 UTC] PHP Fatal error:  Call to undefined function getDBConnection() in /home/ubuntu/workspace/final_projects/api/userVideoGameInfo.php on line 4
[09-May-2017 04:25:55 UTC] PHP Stack trace:
[09-May-2017 04:25:55 UTC] PHP   1. {main}() /home/ubuntu/workspace/final_projects/api/userVideoGameInfo.php:0
[09-May-2017 04:26:05 UTC] PHP Warning:  include(../inc/dbConnection.php): failed to open stream: No such file or directory in /home/ubuntu/workspace/final_projects/api/userVideoGameInfo.php on line 3
[09-May-2017 04:26:05 UTC] PHP Stack trace:
[09-May-2017 04:26:05 UTC] PHP   1. {main}() /home/ubuntu/workspace/final_projects/api/userVideoGameInfo.php:0
[09-May-2017 04:26:05 UTC] PHP Warning:  include(): Failed opening '../inc/dbConnection.php' for inclusion (include_path='.:/usr/share/php:/usr/share/pear') in /home/ubuntu/workspace/final_projects/api/userVideoGameInfo.php on line 3
[09-May-2017 04:26:05 UTC] PHP Stack trace:
[09-May-2017 04:26:05 UTC] PHP   1. {main}() /home/ubuntu/workspace/final_projects/api/userVideoGameInfo.php:0
[09-May-2017 04:26:05 UTC] PHP Fatal error:  Call to undefined function getDBConnection() in /home/ubuntu/workspace/final_projects/api/userVideoGameInfo.php on line 4
[09-May-2017 04:26:05 UTC] PHP Stack trace:
[09-May-2017 04:26:05 UTC] PHP   1. {main}() /home/ubuntu/workspace/final_projects/api/userVideoGameInfo.php:0
[09-May-2017 04:26:30 UTC] PHP Warning:  include(../inc/dbConnection.php): failed to open stream: No such file or directory in /home/ubuntu/workspace/final_projects/api/userVideoGameInfo.php on line 3
[09-May-2017 04:26:30 UTC] PHP Stack trace:
[09-May-2017 04:26:30 UTC] PHP   1. {main}() /home/ubuntu/workspace/final_projects/api/userVideoGameInfo.php:0
[09-May-2017 04:26:30 UTC] PHP Warning:  include(): Failed opening '../inc/dbConnection.php' for inclusion (include_path='.:/usr/share/php:/usr/share/pear') in /home/ubuntu/workspace/final_projects/api/userVideoGameInfo.php on line 3
[09-May-2017 04:26:30 UTC] PHP Stack trace:
[09-May-2017 04:26:30 UTC] PHP   1. {main}() /home/ubuntu/workspace/final_projects/api/userVideoGameInfo.php:0
[09-May-2017 04:26:30 UTC] PHP Fatal error:  Call to undefined function getDBConnection() in /home/ubuntu/workspace/final_projects/api/userVideoGameInfo.php on line 4
[09-May-2017 04:26:30 UTC] PHP Stack trace:
[09-May-2017 04:26:30 UTC] PHP   1. {main}() /home/ubuntu/workspace/final_projects/api/userVideoGameInfo.php:0
[09-May-2017 04:27:34 UTC] PHP Warning:  include(../inc/dbConnection.php): failed to open stream: No such file or directory in /home/ubuntu/workspace/final_projects/api/userVideoGameInfo.php on line 3
[09-May-2017 04:27:34 UTC] PHP Stack trace:
[09-May-2017 04:27:34 UTC] PHP   1. {main}() /home/ubuntu/workspace/final_projects/api/userVideoGameInfo.php:0
[09-May-2017 04:27:34 UTC] PHP Warning:  include(): Failed opening '../inc/dbConnection.php' for inclusion (include_path='.:/usr/share/php:/usr/share/pear') in /home/ubuntu/workspace/final_projects/api/userVideoGameInfo.php on line 3
[09-May-2017 04:27:34 UTC] PHP Stack trace:
[09-May-2017 04:27:34 UTC] PHP   1. {main}() /home/ubuntu/workspace/final_projects/api/userVideoGameInfo.php:0
[09-May-2017 04:27:34 UTC] PHP Fatal error:  Call to undefined function getDBConnection() in /home/ubuntu/workspace/final_projects/api/userVideoGameInfo.php on line 4
[09-May-2017 04:27:34 UTC] PHP Stack trace:
[09-May-2017 04:27:34 UTC] PHP   1. {main}() /home/ubuntu/workspace/final_projects/api/userVideoGameInfo.php:0
[09-May-2017 04:28:00 UTC] PHP Warning:  include(../inc/dbConnection.php): failed to open stream: No such file or directory in /home/ubuntu/workspace/final_projects/api/userVideoGameInfo.php on line 3
[09-May-2017 04:28:00 UTC] PHP Stack trace:
[09-May-2017 04:28:00 UTC] PHP   1. {main}() /home/ubuntu/workspace/final_projects/api/userVideoGameInfo.php:0
[09-May-2017 04:28:00 UTC] PHP Warning:  include(): Failed opening '../inc/dbConnection.php' for inclusion (include_path='.:/usr/share/php:/usr/share/pear') in /home/ubuntu/workspace/final_projects/api/userVideoGameInfo.php on line 3
[09-May-2017 04:28:00 UTC] PHP Stack trace:
[09-May-2017 04:28:00 UTC] PHP   1. {main}() /home/ubuntu/workspace/final_projects/api/userVideoGameInfo.php:0
[09-May-2017 04:28:00 UTC] PHP Fatal error:  Call to undefined function getDBConnection() in /home/ubuntu/workspace/final_projects/api/userVideoGameInfo.php on line 4
[09-May-2017 04:28:00 UTC] PHP Stack trace:
[09-May-2017 04:28:00 UTC] PHP   1. {main}() /home/ubuntu/workspace/final_projects/api/userVideoGameInfo.php:0
[09-May-2017 04:28:24 UTC] PHP Warning:  include(../inc/dbConnection.php): failed to open stream: No such file or directory in /home/ubuntu/workspace/final_projects/api/userVideoGameInfo.php on line 3
[09-May-2017 04:28:24 UTC] PHP Stack trace:
[09-May-2017 04:28:24 UTC] PHP   1. {main}() /home/ubuntu/workspace/final_projects/api/userVideoGameInfo.php:0
[09-May-2017 04:28:24 UTC] PHP Warning:  include(): Failed opening '../inc/dbConnection.php' for inclusion (include_path='.:/usr/share/php:/usr/share/pear') in /home/ubuntu/workspace/final_projects/api/userVideoGameInfo.php on line 3
[09-May-2017 04:28:24 UTC] PHP Stack trace:
[09-May-2017 04:28:24 UTC] PHP   1. {main}() /home/ubuntu/workspace/final_projects/api/userVideoGameInfo.php:0
[09-May-2017 04:28:24 UTC] PHP Fatal error:  Call to undefined function getDBConnection() in /home/ubuntu/workspace/final_projects/api/userVideoGameInfo.php on line 4
[09-May-2017 04:28:24 UTC] PHP Stack trace:
[09-May-2017 04:28:24 UTC] PHP   1. {main}() /home/ubuntu/workspace/final_projects/api/userVideoGameInfo.php:0
[09-May-2017 04:29:24 UTC] PHP Warning:  include(../inc/dbConnection.php): failed to open stream: No such file or directory in /home/ubuntu/workspace/final_projects/api/userVideoGameInfo.php on line 3
[09-May-2017 04:29:24 UTC] PHP Stack trace:
[09-May-2017 04:29:24 UTC] PHP   1. {main}() /home/ubuntu/workspace/final_projects/api/userVideoGameInfo.php:0
[09-May-2017 04:29:24 UTC] PHP Warning:  include(): Failed opening '../inc/dbConnection.php' for inclusion (include_path='.:/usr/share/php:/usr/share/pear') in /home/ubuntu/workspace/final_projects/api/userVideoGameInfo.php on line 3
[09-May-2017 04:29:24 UTC] PHP Stack trace:
[09-May-2017 04:29:24 UTC] PHP   1. {main}() /home/ubuntu/workspace/final_projects/api/userVideoGameInfo.php:0
[09-May-2017 04:29:24 UTC] PHP Fatal error:  Call to undefined function getDBConnection() in /home/ubuntu/workspace/final_projects/api/userVideoGameInfo.php on line 4
[09-May-2017 04:29:24 UTC] PHP Stack trace:
[09-May-2017 04:29:24 UTC] PHP   1. {main}() /home/ubuntu/workspace/final_projects/api/userVideoGameInfo.php:0
